<testsuites id="" name="" tests="214" failures="0" skipped="2" errors="0" time="928.8026920000001">
<testsuite name="auth.teardown.ts" timestamp="2026-01-25T06:34:21.283Z" hostname="cleanup" tests="1" failures="0" skipped="0" time="0.007" errors="0">
<testcase name="cleanup auth state" classname="auth.teardown.ts" time="0.007">
<system-out>
<![CDATA[🧹 Auth state cleaned up
]]>
</system-out>
</testcase>
</testsuite>
<testsuite name="auth.setup.ts" timestamp="2026-01-25T06:34:21.283Z" hostname="setup" tests="1" failures="0" skipped="0" time="9.034" errors="0">
<testcase name="authenticate" classname="auth.setup.ts" time="9.034">
<system-out>
<![CDATA[🔐 Authenticating as: automated.manager@trackmyshuttle.com
✅ Authentication successful
💾 Auth state saved to: playwright/.auth/user.json
]]>
</system-out>
</testcase>
</testsuite>
<testsuite name="ASAPSettings/alerts-settings.spec.ts" timestamp="2026-01-25T06:34:21.283Z" hostname="chromium" tests="11" failures="0" skipped="0" time="223.638" errors="0">
<testcase name="ASAP Alerts Settings Tests @asap @settings › AL-001: Verify Alert Settings page loads @smoke @manager" classname="ASAPSettings/alerts-settings.spec.ts" time="28.469">
</testcase>
<testcase name="ASAP Alerts Settings Tests @asap @settings › AL-002: Verify User notification section @smoke @manager" classname="ASAPSettings/alerts-settings.spec.ts" time="25.289">
</testcase>
<testcase name="ASAP Alerts Settings Tests @asap @settings › User Notification Section › AL-003: Verify user search input @regression @manager" classname="ASAPSettings/alerts-settings.spec.ts" time="19.961">
</testcase>
<testcase name="ASAP Alerts Settings Tests @asap @settings › User Notification Section › AL-004: Verify already added users display @regression @manager" classname="ASAPSettings/alerts-settings.spec.ts" time="48.672">
<system-out>
<![CDATA[
[[ATTACHMENT|test-results/ASAPSettings-alerts-settin-b808c--display-regression-manager-chromium/test-failed-1.png]]

[[ATTACHMENT|test-results/ASAPSettings-alerts-settin-b808c--display-regression-manager-chromium/video.webm]]

[[ATTACHMENT|test-results/ASAPSettings-alerts-settin-b808c--display-regression-manager-chromium/error-context.md]]

[[ATTACHMENT|test-results/ASAPSettings-alerts-settin-b808c--display-regression-manager-chromium/trace.zip]]
]]>
</system-out>
</testcase>
<testcase name="ASAP Alerts Settings Tests @asap @settings › Alerts Table › AL-005: Verify alerts table headers @regression @manager" classname="ASAPSettings/alerts-settings.spec.ts" time="14.979">
</testcase>
<testcase name="ASAP Alerts Settings Tests @asap @settings › Alerts Table › AL-006: Verify page content is visible @regression @manager" classname="ASAPSettings/alerts-settings.spec.ts" time="14.739">
</testcase>
<testcase name="ASAP Alerts Settings Tests @asap @settings › Geolocation Section › AL-007: Verify Geolocation section @smoke @manager" classname="ASAPSettings/alerts-settings.spec.ts" time="14.341">
</testcase>
<testcase name="ASAP Alerts Settings Tests @asap @settings › Geolocation Section › AL-008: Verify Geofence Alert section @regression @manager" classname="ASAPSettings/alerts-settings.spec.ts" time="14.671">
</testcase>
<testcase name="ASAP Alerts Settings Tests @asap @settings › Geolocation Section › AL-009: Verify default geofence radius @regression @manager" classname="ASAPSettings/alerts-settings.spec.ts" time="14.539">
</testcase>
<testcase name="ASAP Alerts Settings Tests @asap @settings › Geolocation Section › AL-010: Verify Email notification checkbox @regression @manager" classname="ASAPSettings/alerts-settings.spec.ts" time="14.253">
</testcase>
<testcase name="ASAP Alerts Settings Tests @asap @settings › Geolocation Section › AL-011: Verify SMS notification checkbox @regression @manager" classname="ASAPSettings/alerts-settings.spec.ts" time="13.725">
</testcase>
</testsuite>
<testsuite name="ASAPSettings/driver-app-settings.spec.ts" timestamp="2026-01-25T06:34:21.283Z" hostname="chromium" tests="16" failures="0" skipped="0" time="237.465" errors="0">
<testcase name="ASAP Driver App Settings Tests @asap @settings › DA-001: Verify Driver App page loads @smoke @manager" classname="ASAPSettings/driver-app-settings.spec.ts" time="14.332">
</testcase>
<testcase name="ASAP Driver App Settings Tests @asap @settings › DA-002: Verify all accordion sections visible @smoke @manager" classname="ASAPSettings/driver-app-settings.spec.ts" time="15.221">
</testcase>
<testcase name="ASAP Driver App Settings Tests @asap @settings › Introduction Section › DA-003: Verify Introduction section content @regression @manager" classname="ASAPSettings/driver-app-settings.spec.ts" time="19.099">
</testcase>
<testcase name="ASAP Driver App Settings Tests @asap @settings › Introduction Section › DA-004: Verify click here link for adding drivers @regression @manager" classname="ASAPSettings/driver-app-settings.spec.ts" time="19.021">
</testcase>
<testcase name="ASAP Driver App Settings Tests @asap @settings › Smart Tablet Section › DA-005: Verify Smart Tablet section @regression @manager" classname="ASAPSettings/driver-app-settings.spec.ts" time="14.195">
</testcase>
<testcase name="ASAP Driver App Settings Tests @asap @settings › Smart Tablet Section › DA-006: Verify Smart Tablet content @regression @manager" classname="ASAPSettings/driver-app-settings.spec.ts" time="14.484">
</testcase>
<testcase name="ASAP Driver App Settings Tests @asap @settings › Download App Section › DA-007: Verify Download App section @smoke @manager" classname="ASAPSettings/driver-app-settings.spec.ts" time="13.143">
</testcase>
<testcase name="ASAP Driver App Settings Tests @asap @settings › Download App Section › DA-008: Verify Download App content @regression @manager" classname="ASAPSettings/driver-app-settings.spec.ts" time="14.132">
</testcase>
<testcase name="ASAP Driver App Settings Tests @asap @settings › Download App Section › DA-009: Verify Google Play Store image @regression @manager" classname="ASAPSettings/driver-app-settings.spec.ts" time="15.287">
</testcase>
<testcase name="ASAP Driver App Settings Tests @asap @settings › Download App Section › DA-010: Verify Apple App Store image @regression @manager" classname="ASAPSettings/driver-app-settings.spec.ts" time="15.274">
</testcase>
<testcase name="ASAP Driver App Settings Tests @asap @settings › Download App Section › DA-011: Verify Quick Start Guides available @regression @manager" classname="ASAPSettings/driver-app-settings.spec.ts" time="14.197">
</testcase>
<testcase name="ASAP Driver App Settings Tests @asap @settings › Download App Section › DA-012: Verify English Quick Start Guide link @regression @manager" classname="ASAPSettings/driver-app-settings.spec.ts" time="14.064">
</testcase>
<testcase name="ASAP Driver App Settings Tests @asap @settings › Download App Section › DA-013: Verify Spanish Quick Start Guide link @regression @manager" classname="ASAPSettings/driver-app-settings.spec.ts" time="13.774">
</testcase>
<testcase name="ASAP Driver App Settings Tests @asap @settings › Notification Settings Section › DA-014: Verify Notification Settings section @regression @manager" classname="ASAPSettings/driver-app-settings.spec.ts" time="13.822">
</testcase>
<testcase name="ASAP Driver App Settings Tests @asap @settings › Notification Settings Section › DA-015: Verify Notification Settings content @regression @manager" classname="ASAPSettings/driver-app-settings.spec.ts" time="13.925">
</testcase>
<testcase name="ASAP Driver App Settings Tests @asap @settings › Notification Settings Section › DA-016: Verify SMS notification option exists @regression @manager" classname="ASAPSettings/driver-app-settings.spec.ts" time="13.495">
</testcase>
</testsuite>
<testsuite name="ASAPSettings/escalations-settings.spec.ts" timestamp="2026-01-25T06:34:21.283Z" hostname="chromium" tests="10" failures="0" skipped="0" time="197.135" errors="0">
<testcase name="ASAP Escalations Settings Tests @asap @settings › ES-001: Verify Escalation Settings page loads @smoke @manager" classname="ASAPSettings/escalations-settings.spec.ts" time="20.004">
</testcase>
<testcase name="ASAP Escalations Settings Tests @asap @settings › ES-002: Verify page content is visible @regression @manager" classname="ASAPSettings/escalations-settings.spec.ts" time="20.615">
</testcase>
<testcase name="ASAP Escalations Settings Tests @asap @settings › Ride Request Escalation Section › ES-003: Verify Ride Request escalation section @smoke @manager" classname="ASAPSettings/escalations-settings.spec.ts" time="21.352">
</testcase>
<testcase name="ASAP Escalations Settings Tests @asap @settings › Ride Request Escalation Section › ES-004: Verify Ride Request checkbox exists @regression @manager" classname="ASAPSettings/escalations-settings.spec.ts" time="23.95">
</testcase>
<testcase name="ASAP Escalations Settings Tests @asap @settings › Ride Request Escalation Section › ES-005: Verify Ride Request See Example link @regression @manager" classname="ASAPSettings/escalations-settings.spec.ts" time="18.538">
</testcase>
<testcase name="ASAP Escalations Settings Tests @asap @settings › Trip Not Started Escalation Section › ES-006: Verify Trip Not Started section @smoke @manager" classname="ASAPSettings/escalations-settings.spec.ts" time="17.74">
</testcase>
<testcase name="ASAP Escalations Settings Tests @asap @settings › Trip Not Started Escalation Section › ES-007: Verify Trip Not Started checkbox exists @regression @manager" classname="ASAPSettings/escalations-settings.spec.ts" time="26.695">
</testcase>
<testcase name="ASAP Escalations Settings Tests @asap @settings › Trip Not Started Escalation Section › ES-008: Verify Trip Not Started See Example link @regression @manager" classname="ASAPSettings/escalations-settings.spec.ts" time="18.352">
</testcase>
<testcase name="ASAP Escalations Settings Tests @asap @settings › Escalation Configuration › ES-009: Verify escalation configuration UI elements @regression @manager" classname="ASAPSettings/escalations-settings.spec.ts" time="18.407">
</testcase>
<testcase name="ASAP Escalations Settings Tests @asap @settings › Escalation Configuration › ES-010: Verify Add More button exists @regression @manager" classname="ASAPSettings/escalations-settings.spec.ts" time="11.482">
</testcase>
</testsuite>
<testsuite name="ASAPSettings/live-display-settings.spec.ts" timestamp="2026-01-25T06:34:21.283Z" hostname="chromium" tests="7" failures="0" skipped="0" time="129.61" errors="0">
<testcase name="ASAP Live Display Settings Tests @asap @settings › LD-001: Verify Live Display Settings page loads @smoke @manager" classname="ASAPSettings/live-display-settings.spec.ts" time="18.853">
</testcase>
<testcase name="ASAP Live Display Settings Tests @asap @settings › LD-002: Verify section heading @regression @manager" classname="ASAPSettings/live-display-settings.spec.ts" time="18.729">
</testcase>
<testcase name="ASAP Live Display Settings Tests @asap @settings › LD-003: Verify section description @regression @manager" classname="ASAPSettings/live-display-settings.spec.ts" time="18.502">
</testcase>
<testcase name="ASAP Live Display Settings Tests @asap @settings › LD-004: Verify warning message @regression @manager" classname="ASAPSettings/live-display-settings.spec.ts" time="17.95">
</testcase>
<testcase name="ASAP Live Display Settings Tests @asap @settings › LD-005: Verify Create Live Display button @smoke @manager" classname="ASAPSettings/live-display-settings.spec.ts" time="18.534">
</testcase>
<testcase name="ASAP Live Display Settings Tests @asap @settings › LD-006: Verify Create Live Display button is enabled @regression @manager" classname="ASAPSettings/live-display-settings.spec.ts" time="18.15">
</testcase>
<testcase name="ASAP Live Display Settings Tests @asap @settings › LD-007: Verify page content is complete @regression @manager" classname="ASAPSettings/live-display-settings.spec.ts" time="18.892">
</testcase>
</testsuite>
<testsuite name="ASAPSettings/operation-hours.spec.ts" timestamp="2026-01-25T06:34:21.283Z" hostname="chromium" tests="8" failures="0" skipped="0" time="218.737" errors="0">
<testcase name="ASAP Operation Hours Tests @asap @settings › OH-001: Verify Operation Hours page loads @smoke @manager" classname="ASAPSettings/operation-hours.spec.ts" time="18.048">
</testcase>
<testcase name="ASAP Operation Hours Tests @asap @settings › OH-002: Verify Run 24/7 option visible @smoke @manager" classname="ASAPSettings/operation-hours.spec.ts" time="19.079">
</testcase>
<testcase name="ASAP Operation Hours Tests @asap @settings › OH-003: Verify Custom Hours option visible @smoke @manager" classname="ASAPSettings/operation-hours.spec.ts" time="18.844">
</testcase>
<testcase name="ASAP Operation Hours Tests @asap @settings › OH-004: Verify Run 24/7 is default for ASAP @smoke @manager" classname="ASAPSettings/operation-hours.spec.ts" time="18.105">
</testcase>
<testcase name="ASAP Operation Hours Tests @asap @settings › OH-005: Verify option descriptions @regression @manager" classname="ASAPSettings/operation-hours.spec.ts" time="18.459">
</testcase>
<testcase name="ASAP Operation Hours Tests @asap @settings › OH-006: Verify all options are visible @regression @manager" classname="ASAPSettings/operation-hours.spec.ts" time="52.746">
<system-out>
<![CDATA[
[[ATTACHMENT|test-results/ASAPSettings-operation-hou-46452--visible-regression-manager-chromium/test-failed-1.png]]

[[ATTACHMENT|test-results/ASAPSettings-operation-hou-46452--visible-regression-manager-chromium/video.webm]]

[[ATTACHMENT|test-results/ASAPSettings-operation-hou-46452--visible-regression-manager-chromium/error-context.md]]

[[ATTACHMENT|test-results/ASAPSettings-operation-hou-46452--visible-regression-manager-chromium/trace.zip]]
]]>
</system-out>
</testcase>
<testcase name="ASAP Operation Hours Tests @asap @settings › OH-007: Verify Run 24/7 option is not disabled @regression @manager" classname="ASAPSettings/operation-hours.spec.ts" time="21">
</testcase>
<testcase name="ASAP Operation Hours Tests @asap @settings › OH-008: Verify Custom Hours option is not disabled @regression @manager" classname="ASAPSettings/operation-hours.spec.ts" time="52.456">
<system-out>
<![CDATA[
[[ATTACHMENT|test-results/ASAPSettings-operation-hou-358bd-disabled-regression-manager-chromium/test-failed-1.png]]

[[ATTACHMENT|test-results/ASAPSettings-operation-hou-358bd-disabled-regression-manager-chromium/video.webm]]

[[ATTACHMENT|test-results/ASAPSettings-operation-hou-358bd-disabled-regression-manager-chromium/error-context.md]]

[[ATTACHMENT|test-results/ASAPSettings-operation-hou-358bd-disabled-regression-manager-chromium/trace.zip]]
]]>
</system-out>
</testcase>
</testsuite>
<testsuite name="ASAPSettings/operation-settings.spec.ts" timestamp="2026-01-25T06:34:21.283Z" hostname="chromium" tests="25" failures="0" skipped="0" time="376.075" errors="0">
<testcase name="ASAP Operation Settings Tests @asap @settings › OPS-001: Verify Operation Settings page loads @smoke @manager" classname="ASAPSettings/operation-settings.spec.ts" time="26.12">
</testcase>
<testcase name="ASAP Operation Settings Tests @asap @settings › OPS-002: Verify all 5 accordion sections visible @smoke @manager" classname="ASAPSettings/operation-settings.spec.ts" time="14.211">
</testcase>
<testcase name="ASAP Operation Settings Tests @asap @settings › Pick-up Time Section › OPS-003: Verify Pick-up Time section expands @regression @manager" classname="ASAPSettings/operation-settings.spec.ts" time="14.629">
</testcase>
<testcase name="ASAP Operation Settings Tests @asap @settings › Pick-up Time Section › OPS-004: Verify ASAP Pickup is default selected @smoke @manager" classname="ASAPSettings/operation-settings.spec.ts" time="13.684">
</testcase>
<testcase name="ASAP Operation Settings Tests @asap @settings › Pick-up Time Section › OPS-005: Verify Future Pickup option exists @regression @manager" classname="ASAPSettings/operation-settings.spec.ts" time="13.534">
</testcase>
<testcase name="ASAP Operation Settings Tests @asap @settings › Pick-up Time Section › OPS-006: Verify Both ASAP &amp; Future option exists @regression @manager" classname="ASAPSettings/operation-settings.spec.ts" time="12.35">
</testcase>
<testcase name="ASAP Operation Settings Tests @asap @settings › Pick-up Time Section › OPS-007: Verify current pickup time setting matches ASAP default @regression @manager" classname="ASAPSettings/operation-settings.spec.ts" time="13.49">
</testcase>
<testcase name="ASAP Operation Settings Tests @asap @settings › Pick-up Stops Section › OPS-008: Verify Pick-up Stops section expands @regression @manager" classname="ASAPSettings/operation-settings.spec.ts" time="14.557">
</testcase>
<testcase name="ASAP Operation Settings Tests @asap @settings › Pick-up Stops Section › OPS-009: Verify Pre-Defined Stops Only option @regression @manager" classname="ASAPSettings/operation-settings.spec.ts" time="13.801">
</testcase>
<testcase name="ASAP Operation Settings Tests @asap @settings › Pick-up Stops Section › OPS-010: Verify Pre-Defined + Service Area option @regression @manager" classname="ASAPSettings/operation-settings.spec.ts" time="14.566">
</testcase>
<testcase name="ASAP Operation Settings Tests @asap @settings › Pick-up Stops Section › OPS-011: Verify Add Service Area link exists @regression @manager" classname="ASAPSettings/operation-settings.spec.ts" time="13.347">
</testcase>
<testcase name="ASAP Operation Settings Tests @asap @settings › Ride Sharing Section › OPS-012: Verify Ride Sharing section expands @regression @manager" classname="ASAPSettings/operation-settings.spec.ts" time="15.179">
</testcase>
<testcase name="ASAP Operation Settings Tests @asap @settings › Ride Sharing Section › OPS-013: Verify Shared Rides option selected (ASAP default) @smoke @manager" classname="ASAPSettings/operation-settings.spec.ts" time="14.065">
</testcase>
<testcase name="ASAP Operation Settings Tests @asap @settings › Ride Sharing Section › OPS-014: Verify Private Rides option exists @regression @manager" classname="ASAPSettings/operation-settings.spec.ts" time="17.729">
</testcase>
<testcase name="ASAP Operation Settings Tests @asap @settings › Ride Sharing Section › OPS-015: Verify current ride sharing setting matches ASAP default @regression @manager" classname="ASAPSettings/operation-settings.spec.ts" time="14.71">
</testcase>
<testcase name="ASAP Operation Settings Tests @asap @settings › Driver Assignment Section › OPS-016: Verify Driver Assignment section expands @regression @manager" classname="ASAPSettings/operation-settings.spec.ts" time="14.045">
</testcase>
<testcase name="ASAP Operation Settings Tests @asap @settings › Driver Assignment Section › OPS-017: Verify Operator Assignment option exists @regression @manager" classname="ASAPSettings/operation-settings.spec.ts" time="13.667">
</testcase>
<testcase name="ASAP Operation Settings Tests @asap @settings › Driver Assignment Section › OPS-018: Verify Driver Self-Assignment option exists @regression @manager" classname="ASAPSettings/operation-settings.spec.ts" time="12.588">
</testcase>
<testcase name="ASAP Operation Settings Tests @asap @settings › Driver Assignment Section › OPS-019: Verify current driver assignment setting @regression @manager" classname="ASAPSettings/operation-settings.spec.ts" time="13.931">
</testcase>
<testcase name="ASAP Operation Settings Tests @asap @settings › Shuttle Capacity Section › OPS-020: Verify Shuttle Capacity section expands @regression @manager" classname="ASAPSettings/operation-settings.spec.ts" time="25.839">
</testcase>
<testcase name="ASAP Operation Settings Tests @asap @settings › Shuttle Capacity Section › OPS-021: Verify Static Capacity selected (ASAP default) @smoke @manager" classname="ASAPSettings/operation-settings.spec.ts" time="16.244">
</testcase>
<testcase name="ASAP Operation Settings Tests @asap @settings › Shuttle Capacity Section › OPS-022: Verify Dynamic Capacity option exists @regression @manager" classname="ASAPSettings/operation-settings.spec.ts" time="13.138">
</testcase>
<testcase name="ASAP Operation Settings Tests @asap @settings › Shuttle Capacity Section › OPS-023: Verify current shuttle capacity setting @regression @manager" classname="ASAPSettings/operation-settings.spec.ts" time="13.165">
</testcase>
<testcase name="ASAP Operation Settings Tests @asap @settings › Shuttle Capacity Section › OPS-024: Verify Max Riders input is visible @regression @manager" classname="ASAPSettings/operation-settings.spec.ts" time="13.722">
</testcase>
<testcase name="ASAP Operation Settings Tests @asap @settings › Shuttle Capacity Section › OPS-025: Verify Max Riders value can be retrieved @regression @manager" classname="ASAPSettings/operation-settings.spec.ts" time="13.764">
</testcase>
</testsuite>
<testsuite name="ASAPSettings/organization-settings.spec.ts" timestamp="2026-01-25T06:34:21.283Z" hostname="chromium" tests="8" failures="0" skipped="0" time="111.566" errors="0">
<testcase name="ASAP Organization Settings Tests @asap @settings › OS-001: Verify Organization Settings page loads @smoke @manager" classname="ASAPSettings/organization-settings.spec.ts" time="13.413">
</testcase>
<testcase name="ASAP Organization Settings Tests @asap @settings › OS-002: Verify organization name display @smoke @manager" classname="ASAPSettings/organization-settings.spec.ts" time="13.626">
</testcase>
<testcase name="ASAP Organization Settings Tests @asap @settings › OS-004: Verify tracking ID display @smoke @manager" classname="ASAPSettings/organization-settings.spec.ts" time="12.942">
</testcase>
<testcase name="ASAP Organization Settings Tests @asap @settings › OS-005: Verify timezone display @regression @manager" classname="ASAPSettings/organization-settings.spec.ts" time="13.583">
</testcase>
<testcase name="ASAP Organization Settings Tests @asap @settings › OS-007: Verify map is visible @smoke @manager" classname="ASAPSettings/organization-settings.spec.ts" time="12.526">
</testcase>
<testcase name="ASAP Organization Settings Tests @asap @settings › OS-008: Verify map zoom controls @regression @manager" classname="ASAPSettings/organization-settings.spec.ts" time="13.624">
</testcase>
<testcase name="ASAP Organization Settings Tests @asap @settings › OS-009: Verify map type switch (Map/Satellite) @regression @manager" classname="ASAPSettings/organization-settings.spec.ts" time="16.183">
</testcase>
<testcase name="ASAP Organization Settings Tests @asap @settings › OS-010: Verify edit organization button exists @regression @manager" classname="ASAPSettings/organization-settings.spec.ts" time="15.669">
</testcase>
</testsuite>
<testsuite name="ASAPSettings/pricing-setup.spec.ts" timestamp="2026-01-25T06:34:21.283Z" hostname="chromium" tests="10" failures="0" skipped="0" time="158.693" errors="0">
<testcase name="ASAP Pricing Setup Tests @asap @settings › PS-002: Verify page content is visible @regression @manager" classname="ASAPSettings/pricing-setup.spec.ts" time="14.913">
</testcase>
<testcase name="ASAP Pricing Setup Tests @asap @settings › Payout Account Setup Section › PS-003: Verify Payout Account Setup section @smoke @manager" classname="ASAPSettings/pricing-setup.spec.ts" time="13.797">
</testcase>
<testcase name="ASAP Pricing Setup Tests @asap @settings › Payout Account Setup Section › PS-004: Verify Start Setup button @regression @manager" classname="ASAPSettings/pricing-setup.spec.ts" time="23.343">
</testcase>
<testcase name="ASAP Pricing Setup Tests @asap @settings › Payout Account Setup Section › PS-005: Verify Start Setup button is enabled @regression @manager" classname="ASAPSettings/pricing-setup.spec.ts" time="13.884">
</testcase>
<testcase name="ASAP Pricing Setup Tests @asap @settings › Enable Payment Section › PS-006: Verify Enable Payment section @regression @manager" classname="ASAPSettings/pricing-setup.spec.ts" time="24.862">
</testcase>
<testcase name="ASAP Pricing Setup Tests @asap @settings › Enable Payment Section › PS-007: Verify payment checkbox is disabled (Stripe not setup) @regression @manager" classname="ASAPSettings/pricing-setup.spec.ts" time="15.402">
</testcase>
<testcase name="ASAP Pricing Setup Tests @asap @settings › Configure Pricing Section › PS-008: Verify Configure Pricing section @regression @manager" classname="ASAPSettings/pricing-setup.spec.ts" time="13.129">
</testcase>
<testcase name="ASAP Pricing Setup Tests @asap @settings › Configure Pricing Section › PS-009: Verify currency display @regression @manager" classname="ASAPSettings/pricing-setup.spec.ts" time="13.297">
</testcase>
<testcase name="ASAP Pricing Setup Tests @asap @settings › Cancellation &amp; Refund Section › PS-010: Verify Cancellation &amp; Refund section @regression @manager" classname="ASAPSettings/pricing-setup.spec.ts" time="13.529">
</testcase>
<testcase name="ASAP Pricing Setup Tests @asap @settings › Cancellation &amp; Refund Section › PS-011: Verify cancellation checkbox is disabled (Stripe not setup) @regression @manager" classname="ASAPSettings/pricing-setup.spec.ts" time="12.537">
</testcase>
</testsuite>
<testsuite name="ASAPSettings/rider-app-settings.spec.ts" timestamp="2026-01-25T06:34:21.283Z" hostname="chromium" tests="15" failures="0" skipped="0" time="223.365" errors="0">
<testcase name="ASAP Rider App Settings Tests @asap @settings › RA-001: Verify Rider App Settings page loads @smoke @manager" classname="ASAPSettings/rider-app-settings.spec.ts" time="13.588">
</testcase>
<testcase name="ASAP Rider App Settings Tests @asap @settings › RA-002: Verify all accordion sections visible @smoke @manager" classname="ASAPSettings/rider-app-settings.spec.ts" time="15.811">
</testcase>
<testcase name="ASAP Rider App Settings Tests @asap @settings › RA-003: Verify Enable Rider App checkbox exists @smoke @manager" classname="ASAPSettings/rider-app-settings.spec.ts" time="16.554">
</testcase>
<testcase name="ASAP Rider App Settings Tests @asap @settings › Configure Cover Page Section › RA-004: Verify Configure Cover Page section @regression @manager" classname="ASAPSettings/rider-app-settings.spec.ts" time="19.829">
</testcase>
<testcase name="ASAP Rider App Settings Tests @asap @settings › Configure Contact Settings Section › RA-006: Verify Contact Settings section @regression @manager" classname="ASAPSettings/rider-app-settings.spec.ts" time="14.793">
</testcase>
<testcase name="ASAP Rider App Settings Tests @asap @settings › Share Rider App Access Section › RA-009: Verify Share Rider App Access section @smoke @manager" classname="ASAPSettings/rider-app-settings.spec.ts" time="13.309">
</testcase>
<testcase name="ASAP Rider App Settings Tests @asap @settings › Share Rider App Access Section › RA-011: Verify Share Tracking Code heading @regression @manager" classname="ASAPSettings/rider-app-settings.spec.ts" time="13.915">
</testcase>
<testcase name="ASAP Rider App Settings Tests @asap @settings › Share Rider App Access Section › RA-012: Verify Share Link &amp; QR Code heading @regression @manager" classname="ASAPSettings/rider-app-settings.spec.ts" time="12.876">
</testcase>
<testcase name="ASAP Rider App Settings Tests @asap @settings › Share Rider App Access Section › RA-013: Verify tracking link URL format @regression @manager" classname="ASAPSettings/rider-app-settings.spec.ts" time="14.922">
</testcase>
<testcase name="ASAP Rider App Settings Tests @asap @settings › Share Rider App Access Section › RA-014: Verify Copy Link button exists @regression @manager" classname="ASAPSettings/rider-app-settings.spec.ts" time="17.489">
</testcase>
<testcase name="ASAP Rider App Settings Tests @asap @settings › Share Rider App Access Section › RA-015: Verify QR Code button exists @regression @manager" classname="ASAPSettings/rider-app-settings.spec.ts" time="15.829">
</testcase>
<testcase name="ASAP Rider App Settings Tests @asap @settings › Share Rider App Access Section › RA-016: Verify Voicemail Script heading @regression @manager" classname="ASAPSettings/rider-app-settings.spec.ts" time="13.488">
</testcase>
<testcase name="ASAP Rider App Settings Tests @asap @settings › Share Rider App Access Section › RA-017: Verify Display QR Signage heading @regression @manager" classname="ASAPSettings/rider-app-settings.spec.ts" time="12.694">
</testcase>
<testcase name="ASAP Rider App Settings Tests @asap @settings › Share Rider App Access Section › RA-018: Verify PDF download options @regression @manager" classname="ASAPSettings/rider-app-settings.spec.ts" time="13.291">
</testcase>
<testcase name="ASAP Rider App Settings Tests @asap @settings › Ride Cancellation Options Section › RA-019: Verify Ride Cancellation section @regression @manager" classname="ASAPSettings/rider-app-settings.spec.ts" time="14.977">
</testcase>
</testsuite>
<testsuite name="ASAPSettings/settings-navigation.spec.ts" timestamp="2026-01-25T06:34:21.283Z" hostname="chromium" tests="3" failures="0" skipped="0" time="54.866" errors="0">
<testcase name="ASAP Settings Navigation Tests @asap @settings › SN-001: Verify all 10 settings tabs are visible @smoke @manager" classname="ASAPSettings/settings-navigation.spec.ts" time="18.453">
</testcase>
<testcase name="ASAP Settings Navigation Tests @asap @settings › SN-005: Verify settings page loads within threshold @performance" classname="ASAPSettings/settings-navigation.spec.ts" time="19.831">
</testcase>
<testcase name="ASAP Settings Navigation Tests @asap @settings › SN-006: Verify URL hash persistence on page refresh @regression @manager" classname="ASAPSettings/settings-navigation.spec.ts" time="16.582">
</testcase>
</testsuite>
<testsuite name="ASAPSettings/settings-rbac.spec.ts" timestamp="2026-01-25T06:34:21.283Z" hostname="chromium" tests="9" failures="0" skipped="0" time="102.139" errors="0">
<testcase name="ASAP Settings RBAC Tests @asap @settings @rbac › Manager Role Access @manager › RBAC-002: Manager can access User Management tab @regression" classname="ASAPSettings/settings-rbac.spec.ts" time="15.517">
</testcase>
<testcase name="ASAP Settings RBAC Tests @asap @settings @rbac › Manager Role Access @manager › RBAC-003: Manager can see Add User button @regression" classname="ASAPSettings/settings-rbac.spec.ts" time="13.692">
</testcase>
<testcase name="ASAP Settings RBAC Tests @asap @settings @rbac › Manager Role Access @manager › RBAC-004: Manager can open Edit User dialog @regression" classname="ASAPSettings/settings-rbac.spec.ts" time="16.863">
</testcase>
<testcase name="ASAP Settings RBAC Tests @asap @settings @rbac › Manager Role Access @manager › RBAC-005: Manager can see Delete option @regression" classname="ASAPSettings/settings-rbac.spec.ts" time="13.484">
</testcase>
<testcase name="ASAP Settings RBAC Tests @asap @settings @rbac › Manager Role Access @manager › RBAC-006: Manager sees Manage link in sidebar @smoke" classname="ASAPSettings/settings-rbac.spec.ts" time="8.013">
</testcase>
<testcase name="ASAP Settings RBAC Tests @asap @settings @rbac › Operator Role Access @operator @negative › RBAC-008: Operator cannot see Stops menu @regression" classname="ASAPSettings/settings-rbac.spec.ts" time="8.571">
</testcase>
<testcase name="ASAP Settings RBAC Tests @asap @settings @rbac › Operator Role Access @operator @negative › RBAC-009: Operator cannot see Analytics menu @regression" classname="ASAPSettings/settings-rbac.spec.ts" time="7.194">
</testcase>
<testcase name="ASAP Settings RBAC Tests @asap @settings @rbac › Operator Role Access @operator @negative › RBAC-010: Operator cannot see Manage/Settings link @smoke" classname="ASAPSettings/settings-rbac.spec.ts" time="7.917">
</testcase>
<testcase name="ASAP Settings RBAC Tests @asap @settings @rbac › Operator Role Access @operator @negative › RBAC-011: Operator direct navigation to settings redirects @regression" classname="ASAPSettings/settings-rbac.spec.ts" time="10.888">
</testcase>
</testsuite>
<testsuite name="ASAPSettings/user-management.spec.ts" timestamp="2026-01-25T06:34:21.283Z" hostname="chromium" tests="34" failures="0" skipped="2" time="754.545" errors="0">
<testcase name="ASAP User Management Tests @asap @settings › Read Operations @crud › UM-R001: Verify User Management page loads @smoke @manager" classname="ASAPSettings/user-management.spec.ts" time="14.552">
</testcase>
<testcase name="ASAP User Management Tests @asap @settings › Read Operations @crud › UM-R002: Verify users table headers @regression @manager" classname="ASAPSettings/user-management.spec.ts" time="13.785">
</testcase>
<testcase name="ASAP User Management Tests @asap @settings › Read Operations @crud › UM-R003: Verify existing users displayed @smoke @manager" classname="ASAPSettings/user-management.spec.ts" time="18.984">
</testcase>
<testcase name="ASAP User Management Tests @asap @settings › Read Operations @crud › UM-R004: Verify user search functionality @regression @manager" classname="ASAPSettings/user-management.spec.ts" time="14.237">
</testcase>
<testcase name="ASAP User Management Tests @asap @settings › Read Operations @crud › UM-R005: Verify user role display @regression @manager" classname="ASAPSettings/user-management.spec.ts" time="16.559">
</testcase>
<testcase name="ASAP User Management Tests @asap @settings › Read Operations @crud › UM-R006: Verify user status display @regression @manager" classname="ASAPSettings/user-management.spec.ts" time="22.359">
</testcase>
<testcase name="ASAP User Management Tests @asap @settings › Read Operations @crud › UM-R007: Verify table sorting by Name @regression @manager" classname="ASAPSettings/user-management.spec.ts" time="15.066">
</testcase>
<testcase name="ASAP User Management Tests @asap @settings › Read Operations @crud › UM-R008: Verify table sorting by Role @regression @manager" classname="ASAPSettings/user-management.spec.ts" time="14.837">
</testcase>
<testcase name="ASAP User Management Tests @asap @settings › Read Operations @crud › UM-R009: Verify table sorting by Last Login @regression @manager" classname="ASAPSettings/user-management.spec.ts" time="14.113">
</testcase>
<testcase name="ASAP User Management Tests @asap @settings › Read Operations @crud › UM-R010: Verify table sorting by Status @regression @manager" classname="ASAPSettings/user-management.spec.ts" time="15.586">
</testcase>
<testcase name="ASAP User Management Tests @asap @settings › Read Operations @crud › UM-R011: Verify user data retrieval @regression @manager" classname="ASAPSettings/user-management.spec.ts" time="15.335">
</testcase>
<testcase name="ASAP User Management Tests @asap @settings › Create Operations @crud › UM-C001: Verify Add User button is visible @smoke @manager" classname="ASAPSettings/user-management.spec.ts" time="14.048">
</testcase>
<testcase name="ASAP User Management Tests @asap @settings › Create Operations @crud › UM-C002: Verify Add User dialog opens @smoke @manager" classname="ASAPSettings/user-management.spec.ts" time="19.599">
</testcase>
<testcase name="ASAP User Management Tests @asap @settings › Create Operations @crud › UM-C003: Verify role dropdown options @regression @manager" classname="ASAPSettings/user-management.spec.ts" time="16.394">
</testcase>
<testcase name="ASAP User Management Tests @asap @settings › Create Operations @crud › UM-C004: Verify Continue button disabled without email @regression @manager @negative" classname="ASAPSettings/user-management.spec.ts" time="18.781">
</testcase>
<testcase name="ASAP User Management Tests @asap @settings › Create Operations @crud › UM-C005: Verify Step 2 form fields @regression @manager" classname="ASAPSettings/user-management.spec.ts" time="18.124">
</testcase>
<testcase name="ASAP User Management Tests @asap @settings › Create Operations @crud › UM-C006: Verify Cancel button closes dialog @regression @manager" classname="ASAPSettings/user-management.spec.ts" time="16.321">
</testcase>
<testcase name="ASAP User Management Tests @asap @settings › Create Operations @crud › UM-C007: Add new Operator user (Data Modification) @regression @manager" classname="ASAPSettings/user-management.spec.ts" time="0">
<properties>
<property name="skip" value="">
</property>
</properties>
<skipped>
</skipped>
</testcase>
<testcase name="ASAP User Management Tests @asap @settings › Update Operations @crud › UM-U001: Verify action menu opens on click @smoke @manager" classname="ASAPSettings/user-management.spec.ts" time="18.444">
</testcase>
<testcase name="ASAP User Management Tests @asap @settings › Update Operations @crud › UM-U002: Verify Edit dialog opens @smoke @manager" classname="ASAPSettings/user-management.spec.ts" time="17.84">
</testcase>
<testcase name="ASAP User Management Tests @asap @settings › Update Operations @crud › UM-U003: Verify Edit form displays current values @regression @manager" classname="ASAPSettings/user-management.spec.ts" time="16.795">
</testcase>
<testcase name="ASAP User Management Tests @asap @settings › Update Operations @crud › UM-U004: Verify Update button is visible @regression @manager" classname="ASAPSettings/user-management.spec.ts" time="16.619">
</testcase>
<testcase name="ASAP User Management Tests @asap @settings › Update Operations @crud › UM-U005: Verify close button closes Edit dialog @regression @manager" classname="ASAPSettings/user-management.spec.ts" time="17.702">
</testcase>
<testcase name="ASAP User Management Tests @asap @settings › Update Operations @crud › UM-U006: Verify Also add as Driver checkbox @regression @manager" classname="ASAPSettings/user-management.spec.ts" time="17.739">
</testcase>
<testcase name="ASAP User Management Tests @asap @settings › Delete Operations @crud › UM-D001: Verify Delete option in action menu @regression @manager" classname="ASAPSettings/user-management.spec.ts" time="15.758">
</testcase>
<testcase name="ASAP User Management Tests @asap @settings › Delete Operations @crud › UM-D002: Verify Delete button in Edit dialog @regression @manager" classname="ASAPSettings/user-management.spec.ts" time="18.044">
</testcase>
<testcase name="ASAP User Management Tests @asap @settings › Delete Operations @crud › UM-D003: Delete user via action menu (Data Modification) @regression @manager" classname="ASAPSettings/user-management.spec.ts" time="0">
<properties>
<property name="skip" value="">
</property>
</properties>
<skipped>
</skipped>
</testcase>
<testcase name="ASAP User Management Tests @asap @settings › Password Reset › UM-P001: Verify Reset Password option in menu @regression @manager" classname="ASAPSettings/user-management.spec.ts" time="14.942">
</testcase>
<testcase name="ASAP User Management Tests @asap @settings › CRUD Lifecycle Tests @crud @e2e › UM-CRUD-001: Manager role - Create, Read, Update, Delete lifecycle @regression @manager" classname="ASAPSettings/user-management.spec.ts" time="61.7">
</testcase>
<testcase name="ASAP User Management Tests @asap @settings › CRUD Lifecycle Tests @crud @e2e › UM-CRUD-002: Operator role - Create, Read, Update, Reset Password, Delete lifecycle @regression @manager" classname="ASAPSettings/user-management.spec.ts" time="60.133">
</testcase>
<testcase name="ASAP User Management Tests @asap @settings › CRUD Lifecycle Tests @crud @e2e › UM-CRUD-003: Driver role - Create, Read, Update, Delete lifecycle @regression @manager" classname="ASAPSettings/user-management.spec.ts" time="53.077">
</testcase>
<testcase name="ASAP User Management Tests @asap @settings › CRUD Lifecycle Tests @crud @e2e › UM-CRUD-004: Operator with Also-Add-As-Driver - Create, Read, Update, Delete lifecycle @regression @manager" classname="ASAPSettings/user-management.spec.ts" time="51.081">
</testcase>
<testcase name="ASAP User Management Tests @asap @settings › CRUD Lifecycle Tests @crud @e2e › UM-CRUD-005: Role change - Create Operator, Update to Manager, Delete @regression @manager" classname="ASAPSettings/user-management.spec.ts" time="47.023">
</testcase>
<testcase name="ASAP User Management Tests @asap @settings › CRUD Lifecycle Tests @crud @e2e › UM-CRUD-006: Reset Password - Create Manager, Reset Password, Delete @regression @manager" classname="ASAPSettings/user-management.spec.ts" time="48.968">
</testcase>
</testsuite>
<testsuite name="TMSOnboarding/dashboard.spec.ts" timestamp="2026-01-25T06:34:21.283Z" hostname="chromium" tests="9" failures="0" skipped="0" time="119.811" errors="0">
<testcase name="Role-Based Dashboard Access Tests › Operator: Login, verify menus, and logout @smoke @operator" classname="TMSOnboarding/dashboard.spec.ts" time="17.324">
<system-err>
<![CDATA[⚠️ RBAC Issue: Operator has access to Alerts menu
]]>
</system-err>
</testcase>
<testcase name="Role-Based Dashboard Access Tests › Manager: Login, verify menus, and logout @smoke @manager" classname="TMSOnboarding/dashboard.spec.ts" time="12.619">
</testcase>
<testcase name="Role-Based Dashboard Access Tests › Compare operator vs manager role-based access @smoke @rbac" classname="TMSOnboarding/dashboard.spec.ts" time="15.8">
</testcase>
<testcase name="Role-Based Dashboard Access Tests › Performance: Dashboard load time measurement @performance" classname="TMSOnboarding/dashboard.spec.ts" time="10.945">
</testcase>
<testcase name="Role-Based Dashboard Access Tests › Menu Navigation: Test all accessible menus with 5 second intervals @navigation" classname="TMSOnboarding/dashboard.spec.ts" time="13.833">
</testcase>
<testcase name="Role-Based Dashboard Access Tests › Manager Menu Navigation: Simplified test @navigation @manager" classname="TMSOnboarding/dashboard.spec.ts" time="9.299">
</testcase>
<testcase name="Role-Based Dashboard Access Tests › Operator: Profile access and functionality @smoke @operator @profile" classname="TMSOnboarding/dashboard.spec.ts" time="11.01">
</testcase>
<testcase name="Role-Based Dashboard Access Tests › Manager: Profile access and functionality @smoke @manager @profile" classname="TMSOnboarding/dashboard.spec.ts" time="11.927">
</testcase>
<testcase name="Role-Based Dashboard Access Tests › Profile: Role comparison test @smoke @profile @rbac" classname="TMSOnboarding/dashboard.spec.ts" time="17.054">
</testcase>
</testsuite>
<testsuite name="TMSOnboarding/example-improved.spec.ts" timestamp="2026-01-25T06:34:21.283Z" hostname="chromium" tests="14" failures="0" skipped="0" time="46.398" errors="0">
<testcase name="Login Tests with Fixtures @smoke @critical › should display login form elements" classname="TMSOnboarding/example-improved.spec.ts" time="3.257">
</testcase>
<testcase name="Login Tests with Fixtures @smoke @critical › should show error for invalid credentials @regression" classname="TMSOnboarding/example-improved.spec.ts" time="5.633">
</testcase>
<testcase name="Timeout and Path Constants @system › should navigate using path constants" classname="TMSOnboarding/example-improved.spec.ts" time="3.793">
</testcase>
<testcase name="Timeout and Path Constants @system › should use timeout constants" classname="TMSOnboarding/example-improved.spec.ts" time="3.279">
</testcase>
<testcase name="Tagged Tests › quick login page check @smoke" classname="TMSOnboarding/example-improved.spec.ts" time="3.006">
</testcase>
<testcase name="Tagged Tests › login form submission @critical @smoke" classname="TMSOnboarding/example-improved.spec.ts" time="3.124">
</testcase>
<testcase name="Tagged Tests › complete form validation @regression" classname="TMSOnboarding/example-improved.spec.ts" time="4.502">
</testcase>
<testcase name="Tagged Tests › full page load performance @slow @performance" classname="TMSOnboarding/example-improved.spec.ts" time="3.196">
<system-out>
<![CDATA[Page loaded in 2804ms
]]>
</system-out>
</testcase>
<testcase name="Independent Tests (Parallel) › email input accepts text" classname="TMSOnboarding/example-improved.spec.ts" time="2.945">
</testcase>
<testcase name="Independent Tests (Parallel) › password input accepts text" classname="TMSOnboarding/example-improved.spec.ts" time="2.978">
</testcase>
<testcase name="Independent Tests (Parallel) › remember me checkbox toggles" classname="TMSOnboarding/example-improved.spec.ts" time="3.224">
</testcase>
<testcase name="Dependent Tests (Serial) › step 1: enter email" classname="TMSOnboarding/example-improved.spec.ts" time="3.145">
</testcase>
<testcase name="Dependent Tests (Serial) › step 2: verify email was entered" classname="TMSOnboarding/example-improved.spec.ts" time="0.254">
</testcase>
<testcase name="Test Steps for Reporting › complete login flow with steps @smoke" classname="TMSOnboarding/example-improved.spec.ts" time="4.062">
</testcase>
</testsuite>
<testsuite name="TMSOnboarding/login.spec.ts" timestamp="2026-01-25T06:34:21.283Z" hostname="chromium" tests="32" failures="0" skipped="0" time="190.535" errors="0">
<testcase name="TrackMyShuttle Login Tests › should display all login page elements @smoke @system" classname="TMSOnboarding/login.spec.ts" time="3.996">
</testcase>
<testcase name="TrackMyShuttle Login Tests › should handle empty credentials @smoke @regression" classname="TMSOnboarding/login.spec.ts" time="4.394">
</testcase>
<testcase name="TrackMyShuttle Login Tests › should handle invalid email format @regression" classname="TMSOnboarding/login.spec.ts" time="5.391">
</testcase>
<testcase name="TrackMyShuttle Login Tests › should toggle password visibility @system" classname="TMSOnboarding/login.spec.ts" time="3.002">
</testcase>
<testcase name="TrackMyShuttle Login Tests › should remember me checkbox functionality @system @regression" classname="TMSOnboarding/login.spec.ts" time="3.175">
</testcase>
<testcase name="TrackMyShuttle Login Tests › should navigate to activate account page and verify elements @smoke @system" classname="TMSOnboarding/login.spec.ts" time="7.147">
</testcase>
<testcase name="TrackMyShuttle Login Tests › should navigate to forgot password page @smoke @system" classname="TMSOnboarding/login.spec.ts" time="4.622">
</testcase>
<testcase name="TrackMyShuttle Login Tests › should display and submit forgot password page" classname="TMSOnboarding/login.spec.ts" time="8.976">
</testcase>
<testcase name="TrackMyShuttle Login Tests › should display phone number correctly @system" classname="TMSOnboarding/login.spec.ts" time="2.852">
</testcase>
<testcase name="TrackMyShuttle Login Tests › should have correct form action and method @system @regression" classname="TMSOnboarding/login.spec.ts" time="2.947">
</testcase>
<testcase name="TrackMyShuttle Login Tests › should load login page within acceptable time @system" classname="TMSOnboarding/login.spec.ts" time="4.232">
</testcase>
<testcase name="TrackMyShuttle Login Tests › should validate cross-page navigation flow @system @integration" classname="TMSOnboarding/login.spec.ts" time="9.927">
</testcase>
<testcase name="TrackMyShuttle Login Tests › should maintain consistent UI elements across pages @system" classname="TMSOnboarding/login.spec.ts" time="5.246">
</testcase>
<testcase name="TrackMyShuttle Login Tests › should login with valid credentials @smoke @system @regression" classname="TMSOnboarding/login.spec.ts" time="16.159">
</testcase>
<testcase name="TrackMyShuttle Login Tests › should login as operator and manager @smoke @system" classname="TMSOnboarding/login.spec.ts" time="13.398">
</testcase>
<testcase name="TrackMyShuttle Login Tests › should handle session timeout and redirect @system @regression" classname="TMSOnboarding/login.spec.ts" time="16.047">
</testcase>
<testcase name="TrackMyShuttle Login Tests › Activate Account Page Tests › should display all activate account page elements @smoke @system" classname="TMSOnboarding/login.spec.ts" time="4.304">
</testcase>
<testcase name="TrackMyShuttle Login Tests › Activate Account Page Tests › should have correct form attributes @system" classname="TMSOnboarding/login.spec.ts" time="4.313">
</testcase>
<testcase name="TrackMyShuttle Login Tests › Activate Account Page Tests › should require terms acceptance to enable activate button @system @regression" classname="TMSOnboarding/login.spec.ts" time="4.442">
</testcase>
<testcase name="TrackMyShuttle Login Tests › Activate Account Page Tests › should handle empty form submission @smoke @regression" classname="TMSOnboarding/login.spec.ts" time="5.086">
</testcase>
<testcase name="TrackMyShuttle Login Tests › Activate Account Page Tests › should validate email format @regression" classname="TMSOnboarding/login.spec.ts" time="5.306">
</testcase>
<testcase name="TrackMyShuttle Login Tests › Activate Account Page Tests › should validate phone number format @regression" classname="TMSOnboarding/login.spec.ts" time="5.937">
</testcase>
<testcase name="TrackMyShuttle Login Tests › Activate Account Page Tests › should validate activation code format @regression" classname="TMSOnboarding/login.spec.ts" time="5.657">
</testcase>
<testcase name="TrackMyShuttle Login Tests › Activate Account Page Tests › should toggle password visibility @system" classname="TMSOnboarding/login.spec.ts" time="4.25">
</testcase>
<testcase name="TrackMyShuttle Login Tests › Activate Account Page Tests › should validate password requirements @regression" classname="TMSOnboarding/login.spec.ts" time="5.267">
</testcase>
<testcase name="TrackMyShuttle Login Tests › Activate Account Page Tests › should validate first name field @regression" classname="TMSOnboarding/login.spec.ts" time="5.036">
</testcase>
<testcase name="TrackMyShuttle Login Tests › Activate Account Page Tests › should validate last name field @regression" classname="TMSOnboarding/login.spec.ts" time="5.283">
</testcase>
<testcase name="TrackMyShuttle Login Tests › Activate Account Page Tests › should handle country code selection @system" classname="TMSOnboarding/login.spec.ts" time="5.071">
</testcase>
<testcase name="TrackMyShuttle Login Tests › Activate Account Page Tests › should clear form fields @system" classname="TMSOnboarding/login.spec.ts" time="4.721">
</testcase>
<testcase name="TrackMyShuttle Login Tests › Activate Account Page Tests › should navigate back to login page @system" classname="TMSOnboarding/login.spec.ts" time="5.567">
</testcase>
<testcase name="TrackMyShuttle Login Tests › Activate Account Page Tests › should verify privacy policy link @system" classname="TMSOnboarding/login.spec.ts" time="4.193">
</testcase>
<testcase name="TrackMyShuttle Login Tests › Activate Account Page Tests › should handle maximum character limits @regression" classname="TMSOnboarding/login.spec.ts" time="4.591">
</testcase>
</testsuite>
<testsuite name="TMSOnboarding/settings.spec.ts" timestamp="2026-01-25T06:34:21.283Z" hostname="chromium" tests="1" failures="0" skipped="0" time="10.91" errors="0">
<testcase name="Settings Page Tests › Performance: Settings load time @performance @settings" classname="TMSOnboarding/settings.spec.ts" time="10.91">
</testcase>
</testsuite>
</testsuites>