<testsuites id="" name="" tests="43" failures="4" skipped="0" errors="0" time="277.835293">
<testsuite name="TMS/dashboard.spec.ts" timestamp="2025-12-02T12:29:36.150Z" hostname="chromium" tests="9" failures="4" skipped="0" time="222.132" errors="0">
<testcase name="Role-Based Dashboard Access Tests › Operator: Login, verify menus, and logout @smoke @operator" classname="TMS/dashboard.spec.ts" time="21.223">
<system-err>
<![CDATA[⚠️ RBAC Issue: Operator has access to Alerts menu
]]>
</system-err>
</testcase>
<testcase name="Role-Based Dashboard Access Tests › Manager: Login, verify menus, and logout @smoke @manager" classname="TMS/dashboard.spec.ts" time="19.75">
</testcase>
<testcase name="Role-Based Dashboard Access Tests › Compare operator vs manager role-based access @smoke @rbac" classname="TMS/dashboard.spec.ts" time="41.181">
<failure message="dashboard.spec.ts:385:7 Compare operator vs manager role-based access @smoke @rbac" type="FAILURE">
<![CDATA[  [chromium] › TMS/dashboard.spec.ts:385:7 › Role-Based Dashboard Access Tests › Compare operator vs manager role-based access @smoke @rbac 

    Test timeout of 35000ms exceeded.

    attachment #1: video (video/webm) ──────────────────────────────────────────────────────────────
    ../test-results/TMS-dashboard-Role-Based-D-c55ff-ole-based-access-smoke-rbac-chromium/video.webm
    ────────────────────────────────────────────────────────────────────────────────────────────────

    Error Context: ../test-results/TMS-dashboard-Role-Based-D-c55ff-ole-based-access-smoke-rbac-chromium/error-context.md

    attachment #3: trace (application/zip) ─────────────────────────────────────────────────────────
    ../test-results/TMS-dashboard-Role-Based-D-c55ff-ole-based-access-smoke-rbac-chromium/trace.zip
    Usage:

        npx playwright show-trace ../test-results/TMS-dashboard-Role-Based-D-c55ff-ole-based-access-smoke-rbac-chromium/trace.zip

    ────────────────────────────────────────────────────────────────────────────────────────────────
]]>
</failure>
<system-out>
<![CDATA[
[[ATTACHMENT|test-results/TMS-dashboard-Role-Based-D-c55ff-ole-based-access-smoke-rbac-chromium/video.webm]]

[[ATTACHMENT|test-results/TMS-dashboard-Role-Based-D-c55ff-ole-based-access-smoke-rbac-chromium/error-context.md]]

[[ATTACHMENT|test-results/TMS-dashboard-Role-Based-D-c55ff-ole-based-access-smoke-rbac-chromium/trace.zip]]
]]>
</system-out>
<system-err>
<![CDATA[Logout error: page.waitForURL: Test timeout of 35000ms exceeded.
=========================== logs ===========================
waiting for navigation until "load"
============================================================
    at DashboardPage.logout [90m(/home/user/Documents/ai-tms-playwright-ts-e2e-tests/[39mpages/dashboard_page.ts:432:19[90m)[39m
    at [90m/home/user/Documents/ai-tms-playwright-ts-e2e-tests/[39mtests/TMS/dashboard.spec.ts:429:11
    at [90m/home/user/Documents/ai-tms-playwright-ts-e2e-tests/[39mtests/TMS/dashboard.spec.ts:394:5 {
  [[32mSymbol(step)[39m]: {
    stepId: [32m'pw:api@74'[39m,
    location: {
      file: [32m'/home/user/Documents/ai-tms-playwright-ts-e2e-tests/pages/dashboard_page.ts'[39m,
      line: [33m432[39m,
      column: [33m19[39m,
      function: [32m'DashboardPage.logout'[39m
    },
    category: [32m'pw:api'[39m,
    title: [32m'Wait for navigation'[39m,
    apiName: [32m'page.waitForURL'[39m,
    params: { info: [36m[Object][39m },
    boxedStack: [90mundefined[39m,
    steps: [],
    attachmentIndices: [],
    info: TestStepInfoImpl {
      annotations: [],
      _testInfo: [36m[TestInfoImpl][39m,
      _stepId: [32m'pw:api@74'[39m,
      skip: [36m[Function (anonymous)][39m
    },
    complete: [36m[Function: complete][39m,
    endWallTime: [33m1764678659347[39m,
    error: {
      message: [32m'Error: page.waitForURL: Test timeout of 35000ms exceeded.\n'[39m +
        [32m'=========================== logs ===========================\n'[39m +
        [32m'waiting for navigation until "load"\n'[39m +
        [32m'============================================================'[39m,
      stack: [32m'Error: page.waitForURL: Test timeout of 35000ms exceeded.\n'[39m +
        [32m'=========================== logs ===========================\n'[39m +
        [32m'waiting for navigation until "load"\n'[39m +
        [32m'============================================================\n'[39m +
        [32m'    at DashboardPage.logout (/home/user/Documents/ai-tms-playwright-ts-e2e-tests/pages/dashboard_page.ts:432:19)\n'[39m +
        [32m'    at /home/user/Documents/ai-tms-playwright-ts-e2e-tests/tests/TMS/dashboard.spec.ts:429:11\n'[39m +
        [32m'    at /home/user/Documents/ai-tms-playwright-ts-e2e-tests/tests/TMS/dashboard.spec.ts:394:5'[39m,
      cause: [90mundefined[39m
    }
  }
}
Error during operator test: page.goto: Target page, context or browser has been closed
    at [90m/home/user/Documents/ai-tms-playwright-ts-e2e-tests/[39mtests/TMS/dashboard.spec.ts:431:22
    at [90m/home/user/Documents/ai-tms-playwright-ts-e2e-tests/[39mtests/TMS/dashboard.spec.ts:394:5 {
  [[32mSymbol(step)[39m]: {
    stepId: [32m'pw:api@84'[39m,
    location: {
      file: [32m'/home/user/Documents/ai-tms-playwright-ts-e2e-tests/tests/TMS/dashboard.spec.ts'[39m,
      line: [33m431[39m,
      column: [33m22[39m
    },
    category: [32m'pw:api'[39m,
    title: [32m'Navigate to "/login"'[39m,
    apiName: [32m'page.goto'[39m,
    params: {
      url: [32m'https://staging.trackmyshuttle.com/login'[39m,
      waitUntil: [32m'load'[39m,
      timeout: [33m30000[39m
    },
    boxedStack: [90mundefined[39m,
    steps: [],
    attachmentIndices: [],
    info: TestStepInfoImpl {
      annotations: [],
      _testInfo: [36m[TestInfoImpl][39m,
      _stepId: [32m'pw:api@84'[39m,
      skip: [36m[Function (anonymous)][39m
    },
    complete: [36m[Function: complete][39m,
    endWallTime: [33m1764678659376[39m,
    error: {
      message: [32m'Error: page.goto: Target page, context or browser has been closed'[39m,
      stack: [32m'Error: page.goto: Target page, context or browser has been closed\n'[39m +
        [32m'    at /home/user/Documents/ai-tms-playwright-ts-e2e-tests/tests/TMS/dashboard.spec.ts:431:22\n'[39m +
        [32m'    at /home/user/Documents/ai-tms-playwright-ts-e2e-tests/tests/TMS/dashboard.spec.ts:394:5'[39m,
      cause: [90mundefined[39m
    }
  }
}
Error during manager test: page.goto: Target page, context or browser has been closed
    at [90m/home/user/Documents/ai-tms-playwright-ts-e2e-tests/[39mtests/TMS/dashboard.spec.ts:452:20
    at [90m/home/user/Documents/ai-tms-playwright-ts-e2e-tests/[39mtests/TMS/dashboard.spec.ts:439:16 {
  [[32mSymbol(step)[39m]: {
    stepId: [32m'pw:api@86'[39m,
    location: {
      file: [32m'/home/user/Documents/ai-tms-playwright-ts-e2e-tests/tests/TMS/dashboard.spec.ts'[39m,
      line: [33m452[39m,
      column: [33m20[39m
    },
    category: [32m'pw:api'[39m,
    title: [32m'Navigate to "/login"'[39m,
    apiName: [32m'page.goto'[39m,
    params: {
      url: [32m'https://staging.trackmyshuttle.com/login'[39m,
      waitUntil: [32m'load'[39m,
      timeout: [33m30000[39m
    },
    boxedStack: [90mundefined[39m,
    steps: [],
    attachmentIndices: [],
    info: TestStepInfoImpl {
      annotations: [],
      _testInfo: [36m[TestInfoImpl][39m,
      _stepId: [32m'pw:api@86'[39m,
      skip: [36m[Function (anonymous)][39m
    },
    complete: [36m[Function: complete][39m,
    endWallTime: [33m1764678659383[39m,
    error: {
      message: [32m'Error: page.goto: Target page, context or browser has been closed'[39m,
      stack: [32m'Error: page.goto: Target page, context or browser has been closed\n'[39m +
        [32m'    at /home/user/Documents/ai-tms-playwright-ts-e2e-tests/tests/TMS/dashboard.spec.ts:452:20\n'[39m +
        [32m'    at /home/user/Documents/ai-tms-playwright-ts-e2e-tests/tests/TMS/dashboard.spec.ts:439:16'[39m,
      cause: [90mundefined[39m
    }
  }
}
]]>
</system-err>
</testcase>
<testcase name="Role-Based Dashboard Access Tests › Performance: Dashboard load time measurement @performance" classname="TMS/dashboard.spec.ts" time="22.993">
</testcase>
<testcase name="Role-Based Dashboard Access Tests › Menu Navigation: Test all accessible menus with 5 second intervals @navigation" classname="TMS/dashboard.spec.ts" time="15.476">
</testcase>
<testcase name="Role-Based Dashboard Access Tests › Manager Menu Navigation: Simplified test @navigation @manager" classname="TMS/dashboard.spec.ts" time="10.262">
</testcase>
<testcase name="Role-Based Dashboard Access Tests › Operator: Profile access and functionality @smoke @operator @profile" classname="TMS/dashboard.spec.ts" time="23.346">
<failure message="dashboard.spec.ts:739:7 Operator: Profile access and functionality @smoke @operator @profile" type="FAILURE">
<![CDATA[  [chromium] › TMS/dashboard.spec.ts:739:7 › Role-Based Dashboard Access Tests › Operator: Profile access and functionality @smoke @operator @profile › Access and verify operator profile 

    Error: expect(received).toBeTruthy()

    Received: false

       at ../pages/profile_page.ts:179

      177 |         currentUrl.includes("user") ||
      178 |         currentUrl.includes("account")
    > 179 |     ).toBeTruthy();
          |       ^
      180 |   }
      181 |
      182 |   /**
        at ProfilePage.navigateToProfileAndVerify (/home/user/Documents/ai-tms-playwright-ts-e2e-tests/pages/profile_page.ts:179:7)
        at /home/user/Documents/ai-tms-playwright-ts-e2e-tests/tests/TMS/dashboard.spec.ts:767:7
        at /home/user/Documents/ai-tms-playwright-ts-e2e-tests/tests/TMS/dashboard.spec.ts:765:5

    attachment #1: video (video/webm) ──────────────────────────────────────────────────────────────
    ../test-results/TMS-dashboard-Role-Based-D-95930-lity-smoke-operator-profile-chromium/video.webm
    ────────────────────────────────────────────────────────────────────────────────────────────────

    Error Context: ../test-results/TMS-dashboard-Role-Based-D-95930-lity-smoke-operator-profile-chromium/error-context.md

    attachment #3: trace (application/zip) ─────────────────────────────────────────────────────────
    ../test-results/TMS-dashboard-Role-Based-D-95930-lity-smoke-operator-profile-chromium/trace.zip
    Usage:

        npx playwright show-trace ../test-results/TMS-dashboard-Role-Based-D-95930-lity-smoke-operator-profile-chromium/trace.zip

    ────────────────────────────────────────────────────────────────────────────────────────────────
]]>
</failure>
<system-out>
<![CDATA[
[[ATTACHMENT|test-results/TMS-dashboard-Role-Based-D-95930-lity-smoke-operator-profile-chromium/video.webm]]

[[ATTACHMENT|test-results/TMS-dashboard-Role-Based-D-95930-lity-smoke-operator-profile-chromium/error-context.md]]

[[ATTACHMENT|test-results/TMS-dashboard-Role-Based-D-95930-lity-smoke-operator-profile-chromium/trace.zip]]
]]>
</system-out>
</testcase>
<testcase name="Role-Based Dashboard Access Tests › Manager: Profile access and functionality @smoke @manager @profile" classname="TMS/dashboard.spec.ts" time="35.925">
<failure message="dashboard.spec.ts:788:7 Manager: Profile access and functionality @smoke @manager @profile" type="FAILURE">
<![CDATA[  [chromium] › TMS/dashboard.spec.ts:788:7 › Role-Based Dashboard Access Tests › Manager: Profile access and functionality @smoke @manager @profile 

    Test timeout of 30000ms exceeded.

    attachment #1: screenshot (image/png) ──────────────────────────────────────────────────────────
    ../test-results/TMS-dashboard-Role-Based-D-84e84-ality-smoke-manager-profile-chromium/test-failed-1.png
    ────────────────────────────────────────────────────────────────────────────────────────────────

    attachment #2: video (video/webm) ──────────────────────────────────────────────────────────────
    ../test-results/TMS-dashboard-Role-Based-D-84e84-ality-smoke-manager-profile-chromium/video.webm
    ────────────────────────────────────────────────────────────────────────────────────────────────

    Error Context: ../test-results/TMS-dashboard-Role-Based-D-84e84-ality-smoke-manager-profile-chromium/error-context.md

    attachment #4: trace (application/zip) ─────────────────────────────────────────────────────────
    ../test-results/TMS-dashboard-Role-Based-D-84e84-ality-smoke-manager-profile-chromium/trace.zip
    Usage:

        npx playwright show-trace ../test-results/TMS-dashboard-Role-Based-D-84e84-ality-smoke-manager-profile-chromium/trace.zip

    ────────────────────────────────────────────────────────────────────────────────────────────────
]]>
</failure>
<system-out>
<![CDATA[
[[ATTACHMENT|test-results/TMS-dashboard-Role-Based-D-84e84-ality-smoke-manager-profile-chromium/test-failed-1.png]]

[[ATTACHMENT|test-results/TMS-dashboard-Role-Based-D-84e84-ality-smoke-manager-profile-chromium/video.webm]]

[[ATTACHMENT|test-results/TMS-dashboard-Role-Based-D-84e84-ality-smoke-manager-profile-chromium/error-context.md]]

[[ATTACHMENT|test-results/TMS-dashboard-Role-Based-D-84e84-ality-smoke-manager-profile-chromium/trace.zip]]
]]>
</system-out>
<system-err>
<![CDATA[Logout error: page.waitForURL: Test timeout of 30000ms exceeded.
=========================== logs ===========================
waiting for navigation until "load"
============================================================
    at DashboardPage.logout [90m(/home/user/Documents/ai-tms-playwright-ts-e2e-tests/[39mpages/dashboard_page.ts:432:19[90m)[39m
    at performReliableLogout [90m(/home/user/Documents/ai-tms-playwright-ts-e2e-tests/[39mtests/TMS/dashboard.spec.ts:54:5[90m)[39m
    at [90m/home/user/Documents/ai-tms-playwright-ts-e2e-tests/[39mtests/TMS/dashboard.spec.ts:842:7
    at [90m/home/user/Documents/ai-tms-playwright-ts-e2e-tests/[39mtests/TMS/dashboard.spec.ts:841:5 {
  [[32mSymbol(step)[39m]: {
    stepId: [32m'pw:api@99'[39m,
    location: {
      file: [32m'/home/user/Documents/ai-tms-playwright-ts-e2e-tests/pages/dashboard_page.ts'[39m,
      line: [33m432[39m,
      column: [33m19[39m,
      function: [32m'DashboardPage.logout'[39m
    },
    category: [32m'pw:api'[39m,
    title: [32m'Wait for navigation'[39m,
    apiName: [32m'page.waitForURL'[39m,
    params: { info: [36m[Object][39m },
    boxedStack: [90mundefined[39m,
    steps: [],
    attachmentIndices: [],
    info: TestStepInfoImpl {
      annotations: [],
      _testInfo: [36m[TestInfoImpl][39m,
      _stepId: [32m'pw:api@99'[39m,
      skip: [36m[Function (anonymous)][39m
    },
    complete: [36m[Function: complete][39m,
    endWallTime: [33m1764678772305[39m,
    error: {
      message: [32m'Error: page.waitForURL: Test timeout of 30000ms exceeded.\n'[39m +
        [32m'=========================== logs ===========================\n'[39m +
        [32m'waiting for navigation until "load"\n'[39m +
        [32m'============================================================'[39m,
      stack: [32m'Error: page.waitForURL: Test timeout of 30000ms exceeded.\n'[39m +
        [32m'=========================== logs ===========================\n'[39m +
        [32m'waiting for navigation until "load"\n'[39m +
        [32m'============================================================\n'[39m +
        [32m'    at DashboardPage.logout (/home/user/Documents/ai-tms-playwright-ts-e2e-tests/pages/dashboard_page.ts:432:19)\n'[39m +
        [32m'    at performReliableLogout (/home/user/Documents/ai-tms-playwright-ts-e2e-tests/tests/TMS/dashboard.spec.ts:54:5)\n'[39m +
        [32m'    at /home/user/Documents/ai-tms-playwright-ts-e2e-tests/tests/TMS/dashboard.spec.ts:842:7\n'[39m +
        [32m'    at /home/user/Documents/ai-tms-playwright-ts-e2e-tests/tests/TMS/dashboard.spec.ts:841:5'[39m,
      cause: [90mundefined[39m
    }
  }
}
]]>
</system-err>
</testcase>
<testcase name="Role-Based Dashboard Access Tests › Profile: Role comparison test @smoke @profile @rbac" classname="TMS/dashboard.spec.ts" time="31.976">
<failure message="dashboard.spec.ts:846:7 Profile: Role comparison test @smoke @profile @rbac" type="FAILURE">
<![CDATA[  [chromium] › TMS/dashboard.spec.ts:846:7 › Role-Based Dashboard Access Tests › Profile: Role comparison test @smoke @profile @rbac › Test manager profile access 

    Test timeout of 30000ms exceeded.

    Error: page.waitForTimeout: Test timeout of 30000ms exceeded.

       at ../pages/profile_page.ts:171

      169 |   async navigateToProfileAndVerify(): Promise<void> {
      170 |     await this.clickViewProfile();
    > 171 |     await this.page.waitForTimeout(2000);
          |                     ^
      172 |
      173 |     // Verify we're on profile page
      174 |     const currentUrl = this.page.url();
        at ProfilePage.navigateToProfileAndVerify (/home/user/Documents/ai-tms-playwright-ts-e2e-tests/pages/profile_page.ts:171:21)
        at /home/user/Documents/ai-tms-playwright-ts-e2e-tests/tests/TMS/dashboard.spec.ts:892:7
        at /home/user/Documents/ai-tms-playwright-ts-e2e-tests/tests/TMS/dashboard.spec.ts:884:5

    attachment #1: screenshot (image/png) ──────────────────────────────────────────────────────────
    ../test-results/TMS-dashboard-Role-Based-D-e828b-son-test-smoke-profile-rbac-chromium/test-failed-1.png
    ────────────────────────────────────────────────────────────────────────────────────────────────

    attachment #2: video (video/webm) ──────────────────────────────────────────────────────────────
    ../test-results/TMS-dashboard-Role-Based-D-e828b-son-test-smoke-profile-rbac-chromium/video.webm
    ────────────────────────────────────────────────────────────────────────────────────────────────

    Error Context: ../test-results/TMS-dashboard-Role-Based-D-e828b-son-test-smoke-profile-rbac-chromium/error-context.md

    attachment #4: trace (application/zip) ─────────────────────────────────────────────────────────
    ../test-results/TMS-dashboard-Role-Based-D-e828b-son-test-smoke-profile-rbac-chromium/trace.zip
    Usage:

        npx playwright show-trace ../test-results/TMS-dashboard-Role-Based-D-e828b-son-test-smoke-profile-rbac-chromium/trace.zip

    ────────────────────────────────────────────────────────────────────────────────────────────────
]]>
</failure>
<system-out>
<![CDATA[
[[ATTACHMENT|test-results/TMS-dashboard-Role-Based-D-e828b-son-test-smoke-profile-rbac-chromium/test-failed-1.png]]

[[ATTACHMENT|test-results/TMS-dashboard-Role-Based-D-e828b-son-test-smoke-profile-rbac-chromium/video.webm]]

[[ATTACHMENT|test-results/TMS-dashboard-Role-Based-D-e828b-son-test-smoke-profile-rbac-chromium/error-context.md]]

[[ATTACHMENT|test-results/TMS-dashboard-Role-Based-D-e828b-son-test-smoke-profile-rbac-chromium/trace.zip]]
]]>
</system-out>
</testcase>
</testsuite>
<testsuite name="TMS/login.spec.ts" timestamp="2025-12-02T12:29:36.150Z" hostname="chromium" tests="32" failures="0" skipped="0" time="238.025" errors="0">
<testcase name="TrackMyShuttle Login Tests › should display all login page elements @smoke @system" classname="TMS/login.spec.ts" time="3.837">
</testcase>
<testcase name="TrackMyShuttle Login Tests › should handle empty credentials @smoke @regression" classname="TMS/login.spec.ts" time="4.503">
</testcase>
<testcase name="TrackMyShuttle Login Tests › should handle invalid email format @regression" classname="TMS/login.spec.ts" time="5.246">
</testcase>
<testcase name="TrackMyShuttle Login Tests › should toggle password visibility @system" classname="TMS/login.spec.ts" time="3.628">
</testcase>
<testcase name="TrackMyShuttle Login Tests › should remember me checkbox functionality @system @regression" classname="TMS/login.spec.ts" time="3.392">
</testcase>
<testcase name="TrackMyShuttle Login Tests › should navigate to activate account page and verify elements @smoke @system" classname="TMS/login.spec.ts" time="6.922">
</testcase>
<testcase name="TrackMyShuttle Login Tests › should navigate to forgot password page @smoke @system" classname="TMS/login.spec.ts" time="6.194">
</testcase>
<testcase name="TrackMyShuttle Login Tests › should display and submit forgot password page" classname="TMS/login.spec.ts" time="9.333">
</testcase>
<testcase name="TrackMyShuttle Login Tests › should display phone number correctly @system" classname="TMS/login.spec.ts" time="2.919">
</testcase>
<testcase name="TrackMyShuttle Login Tests › should have correct form action and method @system @regression" classname="TMS/login.spec.ts" time="7.578">
</testcase>
<testcase name="TrackMyShuttle Login Tests › should load login page within acceptable time @system" classname="TMS/login.spec.ts" time="6.476">
</testcase>
<testcase name="TrackMyShuttle Login Tests › should validate cross-page navigation flow @system @integration" classname="TMS/login.spec.ts" time="15.726">
</testcase>
<testcase name="TrackMyShuttle Login Tests › should maintain consistent UI elements across pages @system" classname="TMS/login.spec.ts" time="5.133">
</testcase>
<testcase name="TrackMyShuttle Login Tests › should login with valid credentials @smoke @system @regression" classname="TMS/login.spec.ts" time="24.225">
<system-err>
<![CDATA[Could not open profile dropdown: Error: Could not find any clickable dropdown button for "Delhi-Org India"
    at DashboardPage.openProfileDropdown [90m(/home/user/Documents/ai-tms-playwright-ts-e2e-tests/[39mpages/dashboard_page.ts:335:13[90m)[39m
    at DashboardPage.logout [90m(/home/user/Documents/ai-tms-playwright-ts-e2e-tests/[39mpages/dashboard_page.ts:408:7[90m)[39m
    at [90m/home/user/Documents/ai-tms-playwright-ts-e2e-tests/[39mtests/TMS/login.spec.ts:307:11
    at TestStepInfoImpl._runStepBody [90m(/home/user/Documents/ai-tms-playwright-ts-e2e-tests/[39mnode_modules/[4mplaywright[24m/lib/worker/testInfo.js:449:14[90m)[39m
    at [90m/home/user/Documents/ai-tms-playwright-ts-e2e-tests/[39mnode_modules/[4mplaywright[24m/lib/common/testType.js:244:20
    at [90m/home/user/Documents/ai-tms-playwright-ts-e2e-tests/[39mnode_modules/[4mplaywright[24m/lib/common/testType.js:242:18
    at TestTypeImpl._step [90m(/home/user/Documents/ai-tms-playwright-ts-e2e-tests/[39mnode_modules/[4mplaywright[24m/lib/common/testType.js:239:12[90m)[39m
    at [90m/home/user/Documents/ai-tms-playwright-ts-e2e-tests/[39mtests/TMS/login.spec.ts:276:5
    at [90m/home/user/Documents/ai-tms-playwright-ts-e2e-tests/[39mnode_modules/[4mplaywright[24m/lib/worker/workerMain.js:304:9
    at [90m/home/user/Documents/ai-tms-playwright-ts-e2e-tests/[39mnode_modules/[4mplaywright[24m/lib/worker/testInfo.js:289:11
    at TimeoutManager.withRunnable [90m(/home/user/Documents/ai-tms-playwright-ts-e2e-tests/[39mnode_modules/[4mplaywright[24m/lib/worker/timeoutManager.js:67:14[90m)[39m
    at TestInfoImpl._runWithTimeout [90m(/home/user/Documents/ai-tms-playwright-ts-e2e-tests/[39mnode_modules/[4mplaywright[24m/lib/worker/testInfo.js:287:7[90m)[39m
    at [90m/home/user/Documents/ai-tms-playwright-ts-e2e-tests/[39mnode_modules/[4mplaywright[24m/lib/worker/workerMain.js:302:7
    at WorkerMain._runTest [90m(/home/user/Documents/ai-tms-playwright-ts-e2e-tests/[39mnode_modules/[4mplaywright[24m/lib/worker/workerMain.js:277:5[90m)[39m
    at WorkerMain.runTestGroup [90m(/home/user/Documents/ai-tms-playwright-ts-e2e-tests/[39mnode_modules/[4mplaywright[24m/lib/worker/workerMain.js:193:11[90m)[39m
    at process.<anonymous> [90m(/home/user/Documents/ai-tms-playwright-ts-e2e-tests/[39mnode_modules/[4mplaywright[24m/lib/common/process.js:65:22[90m)[39m
Logout error: Error: Failed to open profile dropdown menu
    at DashboardPage.openProfileDropdown [90m(/home/user/Documents/ai-tms-playwright-ts-e2e-tests/[39mpages/dashboard_page.ts:340:13[90m)[39m
    at DashboardPage.logout [90m(/home/user/Documents/ai-tms-playwright-ts-e2e-tests/[39mpages/dashboard_page.ts:408:7[90m)[39m
    at [90m/home/user/Documents/ai-tms-playwright-ts-e2e-tests/[39mtests/TMS/login.spec.ts:307:11
    at TestStepInfoImpl._runStepBody [90m(/home/user/Documents/ai-tms-playwright-ts-e2e-tests/[39mnode_modules/[4mplaywright[24m/lib/worker/testInfo.js:449:14[90m)[39m
    at [90m/home/user/Documents/ai-tms-playwright-ts-e2e-tests/[39mnode_modules/[4mplaywright[24m/lib/common/testType.js:244:20
    at [90m/home/user/Documents/ai-tms-playwright-ts-e2e-tests/[39mnode_modules/[4mplaywright[24m/lib/common/testType.js:242:18
    at TestTypeImpl._step [90m(/home/user/Documents/ai-tms-playwright-ts-e2e-tests/[39mnode_modules/[4mplaywright[24m/lib/common/testType.js:239:12[90m)[39m
    at [90m/home/user/Documents/ai-tms-playwright-ts-e2e-tests/[39mtests/TMS/login.spec.ts:276:5
    at [90m/home/user/Documents/ai-tms-playwright-ts-e2e-tests/[39mnode_modules/[4mplaywright[24m/lib/worker/workerMain.js:304:9
    at [90m/home/user/Documents/ai-tms-playwright-ts-e2e-tests/[39mnode_modules/[4mplaywright[24m/lib/worker/testInfo.js:289:11
    at TimeoutManager.withRunnable [90m(/home/user/Documents/ai-tms-playwright-ts-e2e-tests/[39mnode_modules/[4mplaywright[24m/lib/worker/timeoutManager.js:67:14[90m)[39m
    at TestInfoImpl._runWithTimeout [90m(/home/user/Documents/ai-tms-playwright-ts-e2e-tests/[39mnode_modules/[4mplaywright[24m/lib/worker/testInfo.js:287:7[90m)[39m
    at [90m/home/user/Documents/ai-tms-playwright-ts-e2e-tests/[39mnode_modules/[4mplaywright[24m/lib/worker/workerMain.js:302:7
    at WorkerMain._runTest [90m(/home/user/Documents/ai-tms-playwright-ts-e2e-tests/[39mnode_modules/[4mplaywright[24m/lib/worker/workerMain.js:277:5[90m)[39m
    at WorkerMain.runTestGroup [90m(/home/user/Documents/ai-tms-playwright-ts-e2e-tests/[39mnode_modules/[4mplaywright[24m/lib/worker/workerMain.js:193:11[90m)[39m
    at process.<anonymous> [90m(/home/user/Documents/ai-tms-playwright-ts-e2e-tests/[39mnode_modules/[4mplaywright[24m/lib/common/process.js:65:22[90m)[39m
]]>
</system-err>
</testcase>
<testcase name="TrackMyShuttle Login Tests › should login as operator and manager @smoke @system" classname="TMS/login.spec.ts" time="17.422">
</testcase>
<testcase name="TrackMyShuttle Login Tests › should handle session timeout and redirect @system @regression" classname="TMS/login.spec.ts" time="9.333">
</testcase>
<testcase name="TrackMyShuttle Login Tests › Activate Account Page Tests › should display all activate account page elements @smoke @system" classname="TMS/login.spec.ts" time="4.755">
</testcase>
<testcase name="TrackMyShuttle Login Tests › Activate Account Page Tests › should have correct form attributes @system" classname="TMS/login.spec.ts" time="9">
</testcase>
<testcase name="TrackMyShuttle Login Tests › Activate Account Page Tests › should require terms acceptance to enable activate button @system @regression" classname="TMS/login.spec.ts" time="5.452">
</testcase>
<testcase name="TrackMyShuttle Login Tests › Activate Account Page Tests › should handle empty form submission @smoke @regression" classname="TMS/login.spec.ts" time="12.736">
</testcase>
<testcase name="TrackMyShuttle Login Tests › Activate Account Page Tests › should validate email format @regression" classname="TMS/login.spec.ts" time="6.148">
</testcase>
<testcase name="TrackMyShuttle Login Tests › Activate Account Page Tests › should validate phone number format @regression" classname="TMS/login.spec.ts" time="13.234">
</testcase>
<testcase name="TrackMyShuttle Login Tests › Activate Account Page Tests › should validate activation code format @regression" classname="TMS/login.spec.ts" time="5.886">
</testcase>
<testcase name="TrackMyShuttle Login Tests › Activate Account Page Tests › should toggle password visibility @system" classname="TMS/login.spec.ts" time="4.777">
</testcase>
<testcase name="TrackMyShuttle Login Tests › Activate Account Page Tests › should validate password requirements @regression" classname="TMS/login.spec.ts" time="6.276">
</testcase>
<testcase name="TrackMyShuttle Login Tests › Activate Account Page Tests › should validate first name field @regression" classname="TMS/login.spec.ts" time="5.945">
</testcase>
<testcase name="TrackMyShuttle Login Tests › Activate Account Page Tests › should validate last name field @regression" classname="TMS/login.spec.ts" time="6.17">
</testcase>
<testcase name="TrackMyShuttle Login Tests › Activate Account Page Tests › should handle country code selection @system" classname="TMS/login.spec.ts" time="5.237">
</testcase>
<testcase name="TrackMyShuttle Login Tests › Activate Account Page Tests › should clear form fields @system" classname="TMS/login.spec.ts" time="5.656">
</testcase>
<testcase name="TrackMyShuttle Login Tests › Activate Account Page Tests › should navigate back to login page @system" classname="TMS/login.spec.ts" time="5.078">
</testcase>
<testcase name="TrackMyShuttle Login Tests › Activate Account Page Tests › should verify privacy policy link @system" classname="TMS/login.spec.ts" time="5.019">
</testcase>
<testcase name="TrackMyShuttle Login Tests › Activate Account Page Tests › should handle maximum character limits @regression" classname="TMS/login.spec.ts" time="4.789">
</testcase>
</testsuite>
<testsuite name="TMS/settings.spec.ts" timestamp="2025-12-02T12:29:36.150Z" hostname="chromium" tests="2" failures="0" skipped="0" time="43.05" errors="0">
<testcase name="Settings Page Tests › Manager: Settings access @smoke @manager @settings" classname="TMS/settings.spec.ts" time="23.036">
</testcase>
<testcase name="Settings Page Tests › Performance: Settings load time @performance @settings" classname="TMS/settings.spec.ts" time="20.014">
</testcase>
</testsuite>
</testsuites>